<?xml version='1.0'?>
<ns2:test-suite xmlns:ns2='urn:model.allure.qatools.yandex.ru' start='1619632987276' stop='1619632987305'>
    <name>My Login application</name>
    <title>My Login application</title>
    <test-cases>
        <test-case start='1619632987277' status='broken' stop='1619632987300'>
            <name>should login with valid credentials</name>
            <title>should login with valid credentials</title>
            <labels>
                <label name='language' value='javascript'/>
                <label name='framework' value='wdio'/>
                <label name='thread' value='0-0'/>
            </labels>
            <parameters>
                <parameter kind='argument' name='browser' value='chrome-90.0.4430.93'/>
            </parameters>
            <steps>
                <step start='1619632987282' status='broken' stop='1619632987299'>
                    <name>POST /session/:sessionId/element</name>
                    <title>POST /session/:sessionId/element</title>
                    <attachments>
                        <attachment title='Request' source='a9e6145d-ba16-4a25-b09e-19e0d810683c-attachment.json' type='application/json' size='53'/>
                    </attachments>
                    <steps>
                        <step start='1619632987289' status='broken' stop='1619632987299'>
                            <name>GET /session/:sessionId/screenshot</name>
                            <title>GET /session/:sessionId/screenshot</title>
                            <attachments/>
                            <steps>
                                <step start='1619632987293' status='broken' stop='1619632987299'>
                                    <name>POST /session/:sessionId/url</name>
                                    <title>POST /session/:sessionId/url</title>
                                    <attachments>
                                        <attachment title='Request' source='17737574-ef3a-4933-817a-0fa5deac817b-attachment.json' type='application/json' size='55'/>
                                    </attachments>
                                    <steps/>
                                </step>
                            </steps>
                        </step>
                    </steps>
                </step>
            </steps>
            <attachments/>
            <failure>
                <message>this.inputUsername.setValue is not a function</message>
                <stack-trace>TypeError: this.inputUsername.setValue is not a function
                    at LoginPage.login (C:\Users\psoro\projects\wdio-v7\test\pageobjects\login.page.js:25:24)
                    at Context.&lt;anonymous> (C:\Users\psoro\projects\wdio-v7\test\specs\example.e2e.js:8:15)
                    at Context.executeAsync (C:\Users\psoro\projects\wdio-v7\node_modules\@wdio\utils\build\shim.js:136:25)
                    at Context.testFrameworkFnWrapper (C:\Users\psoro\projects\wdio-v7\node_modules\@wdio\utils\build\test-framework\testFnWrapper.js:45:32)</stack-trace>
            </failure>
        </test-case>
        <test-case start='1619632987303' status='pending' stop='1619632987303'>
            <name>should logout and verify logout alert message</name>
            <title>should logout and verify logout alert message</title>
            <labels/>
            <parameters/>
            <steps/>
            <attachments/>
            <failure>
                <message>Test ignored</message>
                <stack-trace>undefined</stack-trace>
            </failure>
        </test-case>
    </test-cases>
</ns2:test-suite>