<?xml version='1.0'?>
<ns2:test-suite xmlns:ns2='urn:model.allure.qatools.yandex.ru' start='1619633060663' stop='1619633060680'>
    <name>My Login application</name>
    <title>My Login application</title>
    <test-cases>
        <test-case start='1619633060663' status='broken' stop='1619633060676'>
            <name>should login with valid credentials</name>
            <title>should login with valid credentials</title>
            <labels>
                <label name='language' value='javascript'/>
                <label name='framework' value='wdio'/>
                <label name='thread' value='0-0'/>
            </labels>
            <parameters>
                <parameter kind='argument' name='browser' value='chrome-90.0.4430.93'/>
            </parameters>
            <steps>
                <step start='1619633060666' status='broken' stop='1619633060676'>
                    <name>GET /session/:sessionId/screenshot</name>
                    <title>GET /session/:sessionId/screenshot</title>
                    <attachments/>
                    <steps>
                        <step start='1619633060668' status='broken' stop='1619633060676'>
                            <name>POST /session/:sessionId/url</name>
                            <title>POST /session/:sessionId/url</title>
                            <attachments>
                                <attachment title='Request' source='6c44eba3-dcb7-4d13-8dde-b6d0081871aa-attachment.json' type='application/json' size='55'/>
                            </attachments>
                            <steps/>
                        </step>
                    </steps>
                </step>
            </steps>
            <attachments/>
            <failure>
                <message>inputUsername is not defined</message>
                <stack-trace>ReferenceError: inputUsername is not defined
                    at LoginPage.login (C:\Users\psoro\projects\wdio-v7\test\pageobjects\login.page.js:25:5)
                    at Context.&lt;anonymous> (C:\Users\psoro\projects\wdio-v7\test\specs\example.e2e.js:8:15)
                    at Context.executeAsync (C:\Users\psoro\projects\wdio-v7\node_modules\@wdio\utils\build\shim.js:136:25)
                    at Context.testFrameworkFnWrapper (C:\Users\psoro\projects\wdio-v7\node_modules\@wdio\utils\build\test-framework\testFnWrapper.js:45:32)</stack-trace>
            </failure>
        </test-case>
        <test-case start='1619633060678' status='pending' stop='1619633060678'>
            <name>should logout and verify logout alert message</name>
            <title>should logout and verify logout alert message</title>
            <labels/>
            <parameters/>
            <steps/>
            <attachments/>
            <failure>
                <message>Test ignored</message>
                <stack-trace>undefined</stack-trace>
            </failure>
        </test-case>
    </test-cases>
</ns2:test-suite>